{

  "init": "6",
  "goal": "0",
  "nodes" : {
    "0": {
      "expected_successor": false,
      "action": "---",
      "state": "0x1785130",
      "distance": 0,
      "is_relevant": 1,
      "is_goal": 1,
      "is_sc": 1,
      "successors": [

       ]
    },
    "5": {
      "expected_successor": "10",
      "action": "ask-order",
      "state": "0x178a8d0",
      "distance": 5,
      "is_relevant": 0,
      "is_goal": 0,
      "is_sc": 1,
      "successors": [
        {
            "outcome_label": "ask-order_DETDUP_validate-response-EQ-unclear",
            "successor_id": "15"
        },
        {
            "outcome_label": "ask-order_DETDUP_validate-response-EQ-valid",
            "successor_id": "10"
        }
       ]
    },
    "6": {
      "expected_successor": "5",
      "action": "ask-location",
      "state": "0x1788180",
      "distance": 6,
      "is_relevant": 0,
      "is_goal": 0,
      "is_sc": 1,
      "successors": [
        {
            "outcome_label": "ask-location_DETDUP_validate-response-EQ-unclear",
            "successor_id": "17"
        },
        {
            "outcome_label": "ask-location_DETDUP_validate-response-EQ-valid",
            "successor_id": "5"
        }
       ]
    },
    "7": {
      "expected_successor": "8",
      "action": "ask-order",
      "state": "0x178ff80",
      "distance": 3,
      "is_relevant": 0,
      "is_goal": 0,
      "is_sc": 1,
      "successors": [
        {
            "outcome_label": "ask-order_DETDUP_validate-response-EQ-unclear",
            "successor_id": "11"
        },
        {
            "outcome_label": "ask-order_DETDUP_validate-response-EQ-valid",
            "successor_id": "8"
        }
       ]
    },
    "11": {
      "expected_successor": "8",
      "action": "clarify__ask-order",
      "state": "0x1792560",
      "distance": 3,
      "is_relevant": 0,
      "is_goal": 0,
      "is_sc": 1,
      "successors": [
        {
            "outcome_label": "clarify__ask-order_DETDUP_yes-no-EQ-confirm",
            "successor_id": "8"
        },
        {
            "outcome_label": "clarify__ask-order_DETDUP_yes-no-EQ-deny",
            "successor_id": "7"
        }
       ]
    },
    "12": {
      "expected_successor": "8",
      "action": "ask-card-number",
      "state": "0x17910d0",
      "distance": 3,
      "is_relevant": 0,
      "is_goal": 0,
      "is_sc": 1,
      "successors": [
        {
            "outcome_label": "ask-card-number_DETDUP_validate-response-EQ-unclear",
            "successor_id": "9"
        },
        {
            "outcome_label": "ask-card-number_DETDUP_validate-response-EQ-valid",
            "successor_id": "8"
        }
       ]
    },
    "8": {
      "expected_successor": "1",
      "action": "check-order-availability",
      "state": "0x178f8a0",
      "distance": 2,
      "is_relevant": 0,
      "is_goal": 0,
      "is_sc": 1,
      "successors": [
        {
            "outcome_label": "check-order-availability_DETDUP_make-call-EQ-in-stock",
            "successor_id": "1"
        },
        {
            "outcome_label": "check-order-availability_DETDUP_make-call-EQ-out-of-stock",
            "successor_id": "7"
        }
       ]
    },
    "9": {
      "expected_successor": "8",
      "action": "ask-card-number",
      "state": "0x1792540",
      "distance": 3,
      "is_relevant": 0,
      "is_goal": 0,
      "is_sc": 1,
      "successors": [
        {
            "outcome_label": "ask-card-number_DETDUP_validate-response-EQ-unclear",
            "successor_id": "9"
        },
        {
            "outcome_label": "ask-card-number_DETDUP_validate-response-EQ-valid",
            "successor_id": "8"
        }
       ]
    },
    "10": {
      "expected_successor": "12",
      "action": "ask-payment",
      "state": "0x1792680",
      "distance": 4,
      "is_relevant": 0,
      "is_goal": 0,
      "is_sc": 1,
      "successors": [
        {
            "outcome_label": "ask-payment_DETDUP_validate-response-EQ-unclear",
            "successor_id": "14"
        },
        {
            "outcome_label": "ask-payment_DETDUP_validate-response-EQ-valid",
            "successor_id": "12"
        }
       ]
    },
    "1": {
      "expected_successor": "0",
      "action": "place-order",
      "state": "0x178ab50",
      "distance": 1,
      "is_relevant": 0,
      "is_goal": 0,
      "is_sc": 1,
      "successors": [
        {
            "outcome_label": "place-order_DETDUP_make-call-EQ-success",
            "successor_id": "0"
        }
       ]
    },
    "14": {
      "expected_successor": "12",
      "action": "clarify__ask-payment",
      "state": "0x178b4e0",
      "distance": 4,
      "is_relevant": 0,
      "is_goal": 0,
      "is_sc": 1,
      "successors": [
        {
            "outcome_label": "clarify__ask-payment_DETDUP_yes-no-EQ-confirm",
            "successor_id": "12"
        },
        {
            "outcome_label": "clarify__ask-payment_DETDUP_yes-no-EQ-deny",
            "successor_id": "10"
        }
       ]
    },
    "15": {
      "expected_successor": "10",
      "action": "clarify__ask-order",
      "state": "0x17947b0",
      "distance": 5,
      "is_relevant": 0,
      "is_goal": 0,
      "is_sc": 1,
      "successors": [
        {
            "outcome_label": "clarify__ask-order_DETDUP_yes-no-EQ-confirm",
            "successor_id": "10"
        },
        {
            "outcome_label": "clarify__ask-order_DETDUP_yes-no-EQ-deny",
            "successor_id": "5"
        }
       ]
    },
    "17": {
      "expected_successor": "5",
      "action": "clarify__ask-location",
      "state": "0x17960a0",
      "distance": 6,
      "is_relevant": 0,
      "is_goal": 0,
      "is_sc": 1,
      "successors": [
        {
            "outcome_label": "clarify__ask-location_DETDUP_yes-no-EQ-confirm",
            "successor_id": "5"
        },
        {
            "outcome_label": "clarify__ask-location_DETDUP_yes-no-EQ-deny",
            "successor_id": "6"
        }
       ]
    }
  },
  "edges" : [
      ["5", ">", "15"],
      ["5", ">", "10"],
      ["6", ">", "17"],
      ["6", ">", "5"],
      ["7", ">", "11"],
      ["7", ">", "8"],
      ["11", ">", "8"],
      ["11", ">", "7"],
      ["12", ">", "9"],
      ["12", ">", "8"],
      ["8", ">", "1"],
      ["8", ">", "7"],
      ["9", ">", "9"],
      ["9", ">", "8"],
      ["10", ">", "14"],
      ["10", ">", "12"],
      ["1", ">", "0"],
      ["14", ">", "12"],
      ["14", ">", "10"],
      ["15", ">", "10"],
      ["15", ">", "5"],
      ["17", ">", "5"],
      ["17", ">", "6"]
  ],
  "states" : {
    "0x1785130": [
      "Atom goal()"
    ],
    "0x178a8d0": [
      "Atom have_location()",
      "NegatedAtom maybe-have_location()",
      "NegatedAtom maybe-have_order()",
      "NegatedAtom have_order()",
      "Atom can-do_ask-card-number()",
      "Atom can-do_ask-order()",
      "Atom can-do_ask-payment()",
      "Atom can-do_check-order-availability()",
      "NegatedAtom have_payment_method()",
      "NegatedAtom maybe-have_payment_method()"
    ],
    "0x1788180": [
      "NegatedAtom have_location()",
      "NegatedAtom maybe-have_location()",
      "NegatedAtom maybe-have_order()",
      "NegatedAtom have_order()",
      "Atom can-do_ask-card-number()",
      "Atom can-do_ask-location()",
      "Atom can-do_ask-order()",
      "Atom can-do_ask-payment()",
      "Atom can-do_check-order-availability()",
      "NegatedAtom have_payment_method()",
      "NegatedAtom maybe-have_payment_method()"
    ],
    "0x178ff80": [
      "NegatedAtom maybe-have_order()",
      "NegatedAtom have_order()",
      "Atom can-do_ask-order()",
      "Atom can-do_check-order-availability()",
      "Atom have_card_number()",
      "NegatedAtom maybe-have_card_number()"
    ],
    "0x1792560": [
      "Atom maybe-have_order()",
      "NegatedAtom have_order()",
      "Atom can-do_ask-order()",
      "Atom can-do_check-order-availability()",
      "Atom have_card_number()",
      "NegatedAtom maybe-have_card_number()"
    ],
    "0x17910d0": [
      "NegatedAtom maybe-have_order()",
      "Atom have_order()",
      "Atom can-do_ask-card-number()",
      "Atom can-do_ask-order()",
      "Atom can-do_check-order-availability()",
      "Atom have_payment_method()",
      "NegatedAtom maybe-have_payment_method()"
    ],
    "0x178f8a0": [
      "NegatedAtom maybe-have_order()",
      "Atom have_order()",
      "Atom can-do_ask-order()",
      "Atom can-do_check-order-availability()",
      "Atom have_card_number()",
      "NegatedAtom maybe-have_card_number()"
    ],
    "0x1792540": [
      "NegatedAtom maybe-have_order()",
      "Atom have_order()",
      "Atom can-do_ask-card-number()",
      "Atom can-do_ask-order()",
      "Atom can-do_check-order-availability()",
      "Atom have_payment_method()",
      "NegatedAtom maybe-have_payment_method()"
    ],
    "0x1792680": [
      "Atom have_location()",
      "NegatedAtom maybe-have_location()",
      "NegatedAtom maybe-have_order()",
      "Atom have_order()",
      "Atom can-do_ask-card-number()",
      "Atom can-do_ask-order()",
      "Atom can-do_ask-payment()",
      "Atom can-do_check-order-availability()",
      "NegatedAtom have_payment_method()",
      "NegatedAtom maybe-have_payment_method()"
    ],
    "0x178ab50": [
      "Atom order_available()",
      "NegatedAtom maybe-have_order()",
      "Atom have_order()",
      "Atom have_card_number()",
      "NegatedAtom maybe-have_card_number()"
    ],
    "0x178b4e0": [
      "Atom have_location()",
      "NegatedAtom maybe-have_location()",
      "NegatedAtom maybe-have_order()",
      "Atom have_order()",
      "Atom can-do_ask-card-number()",
      "Atom can-do_ask-order()",
      "Atom can-do_ask-payment()",
      "Atom can-do_check-order-availability()",
      "NegatedAtom have_payment_method()",
      "Atom maybe-have_payment_method()"
    ],
    "0x17947b0": [
      "Atom have_location()",
      "NegatedAtom maybe-have_location()",
      "Atom maybe-have_order()",
      "NegatedAtom have_order()",
      "Atom can-do_ask-card-number()",
      "Atom can-do_ask-order()",
      "Atom can-do_ask-payment()",
      "Atom can-do_check-order-availability()",
      "NegatedAtom have_payment_method()",
      "NegatedAtom maybe-have_payment_method()"
    ],
    "0x17960a0": [
      "NegatedAtom have_location()",
      "Atom maybe-have_location()",
      "NegatedAtom maybe-have_order()",
      "NegatedAtom have_order()",
      "Atom can-do_ask-card-number()",
      "Atom can-do_ask-location()",
      "Atom can-do_ask-order()",
      "Atom can-do_ask-payment()",
      "Atom can-do_check-order-availability()",
      "NegatedAtom have_payment_method()",
      "NegatedAtom maybe-have_payment_method()"
    ]
   }
}