{

  "init": "3",
  "goal": "0",
  "nodes" : {
    "0": {
      "expected_successor": false,
      "action": "---",
      "state": "0x14775b0",
      "distance": 0,
      "is_relevant": 1,
      "is_goal": 1,
      "is_sc": 1,
      "successors": [

       ]
    },
    "2": {
      "expected_successor": "1",
      "action": "single_slot__pizza_flavour",
      "state": "0x14913e0",
      "distance": 2,
      "is_relevant": 0,
      "is_goal": 0,
      "is_sc": 1,
      "successors": [
        {
            "outcome_label": "single_slot__pizza_flavour_DETDUP_validate-slot-fill-EQ-fallback",
            "successor_id": "6"
        },
        {
            "outcome_label": "single_slot__pizza_flavour_DETDUP_validate-slot-fill-EQ-fill-slot",
            "successor_id": "1"
        },
        {
            "outcome_label": "single_slot__pizza_flavour_DETDUP_validate-slot-fill-EQ-slot-unclear",
            "successor_id": "4"
        }
       ]
    },
    "1": {
      "expected_successor": "0",
      "action": "complete",
      "state": "0x1497090",
      "distance": 1,
      "is_relevant": 0,
      "is_goal": 0,
      "is_sc": 1,
      "successors": [
        {
            "outcome_label": "complete_DETDUP_finish-EQ-assign-goal",
            "successor_id": "0"
        }
       ]
    },
    "3": {
      "expected_successor": "2",
      "action": "ask-order",
      "state": "0x14914c0",
      "distance": 3,
      "is_relevant": 0,
      "is_goal": 0,
      "is_sc": 1,
      "successors": [
        {
            "outcome_label": "ask-order_DETDUP_validate-slot-fill-EQ-drink_found",
            "successor_id": "53"
        },
        {
            "outcome_label": "ask-order_DETDUP_validate-slot-fill-EQ-drink_found-side_found",
            "successor_id": "2"
        },
        {
            "outcome_label": "ask-order_DETDUP_validate-slot-fill-EQ-drink_found-side_maybe-found",
            "successor_id": "49"
        },
        {
            "outcome_label": "ask-order_DETDUP_validate-slot-fill-EQ-drink_maybe-found",
            "successor_id": "55"
        },
        {
            "outcome_label": "ask-order_DETDUP_validate-slot-fill-EQ-drink_maybe-found-side_found",
            "successor_id": "9"
        },
        {
            "outcome_label": "ask-order_DETDUP_validate-slot-fill-EQ-drink_maybe-found-side_maybe-found",
            "successor_id": "50"
        },
        {
            "outcome_label": "ask-order_DETDUP_validate-slot-fill-EQ-fallback",
            "successor_id": "48"
        },
        {
            "outcome_label": "ask-order_DETDUP_validate-slot-fill-EQ-pizza_flavour_found",
            "successor_id": "39"
        },
        {
            "outcome_label": "ask-order_DETDUP_validate-slot-fill-EQ-pizza_flavour_found-drink_found",
            "successor_id": "43"
        },
        {
            "outcome_label": "ask-order_DETDUP_validate-slot-fill-EQ-pizza_flavour_found-drink_found-side_found",
            "successor_id": "1"
        },
        {
            "outcome_label": "ask-order_DETDUP_validate-slot-fill-EQ-pizza_flavour_found-drink_found-side_maybe-found",
            "successor_id": "40"
        },
        {
            "outcome_label": "ask-order_DETDUP_validate-slot-fill-EQ-pizza_flavour_found-drink_maybe-found",
            "successor_id": "46"
        },
        {
            "outcome_label": "ask-order_DETDUP_validate-slot-fill-EQ-pizza_flavour_found-drink_maybe-found-side_found",
            "successor_id": "34"
        },
        {
            "outcome_label": "ask-order_DETDUP_validate-slot-fill-EQ-pizza_flavour_found-drink_maybe-found-side_maybe-found",
            "successor_id": "41"
        },
        {
            "outcome_label": "ask-order_DETDUP_validate-slot-fill-EQ-pizza_flavour_found-side_found",
            "successor_id": "32"
        },
        {
            "outcome_label": "ask-order_DETDUP_validate-slot-fill-EQ-pizza_flavour_found-side_maybe-found",
            "successor_id": "33"
        },
        {
            "outcome_label": "ask-order_DETDUP_validate-slot-fill-EQ-pizza_flavour_maybe-found",
            "successor_id": "22"
        },
        {
            "outcome_label": "ask-order_DETDUP_validate-slot-fill-EQ-pizza_flavour_maybe-found-drink_found",
            "successor_id": "27"
        },
        {
            "outcome_label": "ask-order_DETDUP_validate-slot-fill-EQ-pizza_flavour_maybe-found-drink_found-side_found",
            "successor_id": "4"
        },
        {
            "outcome_label": "ask-order_DETDUP_validate-slot-fill-EQ-pizza_flavour_maybe-found-drink_found-side_maybe-found",
            "successor_id": "24"
        },
        {
            "outcome_label": "ask-order_DETDUP_validate-slot-fill-EQ-pizza_flavour_maybe-found-drink_maybe-found",
            "successor_id": "30"
        },
        {
            "outcome_label": "ask-order_DETDUP_validate-slot-fill-EQ-pizza_flavour_maybe-found-drink_maybe-found-side_found",
            "successor_id": "18"
        },
        {
            "outcome_label": "ask-order_DETDUP_validate-slot-fill-EQ-pizza_flavour_maybe-found-drink_maybe-found-side_maybe-found",
            "successor_id": "25"
        },
        {
            "outcome_label": "ask-order_DETDUP_validate-slot-fill-EQ-pizza_flavour_maybe-found-side_found",
            "successor_id": "16"
        },
        {
            "outcome_label": "ask-order_DETDUP_validate-slot-fill-EQ-pizza_flavour_maybe-found-side_maybe-found",
            "successor_id": "17"
        },
        {
            "outcome_label": "ask-order_DETDUP_validate-slot-fill-EQ-side_found",
            "successor_id": "11"
        },
        {
            "outcome_label": "ask-order_DETDUP_validate-slot-fill-EQ-side_maybe-found",
            "successor_id": "8"
        }
       ]
    },
    "5": {
      "expected_successor": "4",
      "action": "dialogue_statement",
      "state": "0x14955b0",
      "distance": 3,
      "is_relevant": 0,
      "is_goal": 0,
      "is_sc": 1,
      "successors": [
        {
            "outcome_label": "dialogue_statement_DETDUP_reset-EQ-lock",
            "successor_id": "4"
        }
       ]
    },
    "4": {
      "expected_successor": "1",
      "action": "clarify__pizza_flavour",
      "state": "0x1494b90",
      "distance": 2,
      "is_relevant": 0,
      "is_goal": 0,
      "is_sc": 1,
      "successors": [
        {
            "outcome_label": "clarify__pizza_flavour_DETDUP_validate-clarification-EQ-confirm",
            "successor_id": "1"
        },
        {
            "outcome_label": "clarify__pizza_flavour_DETDUP_validate-clarification-EQ-deny",
            "successor_id": "2"
        },
        {
            "outcome_label": "clarify__pizza_flavour_DETDUP_validate-clarification-EQ-fallback",
            "successor_id": "5"
        }
       ]
    },
    "6": {
      "expected_successor": "2",
      "action": "dialogue_statement",
      "state": "0x1495e30",
      "distance": 3,
      "is_relevant": 0,
      "is_goal": 0,
      "is_sc": 1,
      "successors": [
        {
            "outcome_label": "dialogue_statement_DETDUP_reset-EQ-lock",
            "successor_id": "2"
        }
       ]
    },
    "7": {
      "expected_successor": "6",
      "action": "single_slot__drink",
      "state": "0x14963e0",
      "distance": 4,
      "is_relevant": 0,
      "is_goal": 0,
      "is_sc": 1,
      "successors": [
        {
            "outcome_label": "single_slot__drink_DETDUP_validate-slot-fill-EQ-fallback",
            "successor_id": "11"
        },
        {
            "outcome_label": "single_slot__drink_DETDUP_validate-slot-fill-EQ-fill-slot",
            "successor_id": "6"
        },
        {
            "outcome_label": "single_slot__drink_DETDUP_validate-slot-fill-EQ-slot-unclear",
            "successor_id": "9"
        }
       ]
    },
    "8": {
      "expected_successor": "7",
      "action": "clarify__side",
      "state": "0x1496610",
      "distance": 5,
      "is_relevant": 0,
      "is_goal": 0,
      "is_sc": 1,
      "successors": [
        {
            "outcome_label": "clarify__side_DETDUP_validate-clarification-EQ-confirm",
            "successor_id": "7"
        },
        {
            "outcome_label": "clarify__side_DETDUP_validate-clarification-EQ-deny",
            "successor_id": "15"
        },
        {
            "outcome_label": "clarify__side_DETDUP_validate-clarification-EQ-fallback",
            "successor_id": "12"
        }
       ]
    },
    "9": {
      "expected_successor": "2",
      "action": "clarify__drink",
      "state": "0x14988a0",
      "distance": 3,
      "is_relevant": 0,
      "is_goal": 0,
      "is_sc": 1,
      "successors": [
        {
            "outcome_label": "clarify__drink_DETDUP_validate-clarification-EQ-confirm",
            "successor_id": "2"
        },
        {
            "outcome_label": "clarify__drink_DETDUP_validate-clarification-EQ-deny",
            "successor_id": "7"
        },
        {
            "outcome_label": "clarify__drink_DETDUP_validate-clarification-EQ-fallback",
            "successor_id": "10"
        }
       ]
    },
    "10": {
      "expected_successor": "9",
      "action": "dialogue_statement",
      "state": "0x1499330",
      "distance": 4,
      "is_relevant": 0,
      "is_goal": 0,
      "is_sc": 1,
      "successors": [
        {
            "outcome_label": "dialogue_statement_DETDUP_reset-EQ-lock",
            "successor_id": "9"
        }
       ]
    },
    "11": {
      "expected_successor": "7",
      "action": "dialogue_statement",
      "state": "0x1499cc0",
      "distance": 5,
      "is_relevant": 0,
      "is_goal": 0,
      "is_sc": 1,
      "successors": [
        {
            "outcome_label": "dialogue_statement_DETDUP_reset-EQ-lock",
            "successor_id": "7"
        }
       ]
    },
    "12": {
      "expected_successor": "8",
      "action": "dialogue_statement",
      "state": "0x1499100",
      "distance": 6,
      "is_relevant": 0,
      "is_goal": 0,
      "is_sc": 1,
      "successors": [
        {
            "outcome_label": "dialogue_statement_DETDUP_reset-EQ-lock",
            "successor_id": "8"
        }
       ]
    },
    "13": {
      "expected_successor": "14",
      "action": "dialogue_statement",
      "state": "0x149cab0",
      "distance": 6,
      "is_relevant": 0,
      "is_goal": 0,
      "is_sc": 1,
      "successors": [
        {
            "outcome_label": "dialogue_statement_DETDUP_reset-EQ-lock",
            "successor_id": "14"
        }
       ]
    },
    "14": {
      "expected_successor": "7",
      "action": "clarify__side",
      "state": "0x149d570",
      "distance": 5,
      "is_relevant": 0,
      "is_goal": 0,
      "is_sc": 1,
      "successors": [
        {
            "outcome_label": "clarify__side_DETDUP_validate-clarification-EQ-confirm",
            "successor_id": "7"
        },
        {
            "outcome_label": "clarify__side_DETDUP_validate-clarification-EQ-deny",
            "successor_id": "15"
        },
        {
            "outcome_label": "clarify__side_DETDUP_validate-clarification-EQ-fallback",
            "successor_id": "13"
        }
       ]
    },
    "15": {
      "expected_successor": "2",
      "action": "ask-order",
      "state": "0x149d720",
      "distance": 3,
      "is_relevant": 0,
      "is_goal": 0,
      "is_sc": 1,
      "successors": [
        {
            "outcome_label": "ask-order_DETDUP_validate-slot-fill-EQ-drink_found",
            "successor_id": "53"
        },
        {
            "outcome_label": "ask-order_DETDUP_validate-slot-fill-EQ-drink_found-side_found",
            "successor_id": "2"
        },
        {
            "outcome_label": "ask-order_DETDUP_validate-slot-fill-EQ-drink_found-side_maybe-found",
            "successor_id": "49"
        },
        {
            "outcome_label": "ask-order_DETDUP_validate-slot-fill-EQ-drink_maybe-found",
            "successor_id": "55"
        },
        {
            "outcome_label": "ask-order_DETDUP_validate-slot-fill-EQ-drink_maybe-found-side_found",
            "successor_id": "9"
        },
        {
            "outcome_label": "ask-order_DETDUP_validate-slot-fill-EQ-drink_maybe-found-side_maybe-found",
            "successor_id": "50"
        },
        {
            "outcome_label": "ask-order_DETDUP_validate-slot-fill-EQ-fallback",
            "successor_id": "48"
        },
        {
            "outcome_label": "ask-order_DETDUP_validate-slot-fill-EQ-pizza_flavour_found",
            "successor_id": "39"
        },
        {
            "outcome_label": "ask-order_DETDUP_validate-slot-fill-EQ-pizza_flavour_found-drink_found",
            "successor_id": "43"
        },
        {
            "outcome_label": "ask-order_DETDUP_validate-slot-fill-EQ-pizza_flavour_found-drink_found-side_found",
            "successor_id": "1"
        },
        {
            "outcome_label": "ask-order_DETDUP_validate-slot-fill-EQ-pizza_flavour_found-drink_found-side_maybe-found",
            "successor_id": "40"
        },
        {
            "outcome_label": "ask-order_DETDUP_validate-slot-fill-EQ-pizza_flavour_found-drink_maybe-found",
            "successor_id": "46"
        },
        {
            "outcome_label": "ask-order_DETDUP_validate-slot-fill-EQ-pizza_flavour_found-drink_maybe-found-side_found",
            "successor_id": "34"
        },
        {
            "outcome_label": "ask-order_DETDUP_validate-slot-fill-EQ-pizza_flavour_found-drink_maybe-found-side_maybe-found",
            "successor_id": "41"
        },
        {
            "outcome_label": "ask-order_DETDUP_validate-slot-fill-EQ-pizza_flavour_found-side_found",
            "successor_id": "32"
        },
        {
            "outcome_label": "ask-order_DETDUP_validate-slot-fill-EQ-pizza_flavour_found-side_maybe-found",
            "successor_id": "33"
        },
        {
            "outcome_label": "ask-order_DETDUP_validate-slot-fill-EQ-pizza_flavour_maybe-found",
            "successor_id": "22"
        },
        {
            "outcome_label": "ask-order_DETDUP_validate-slot-fill-EQ-pizza_flavour_maybe-found-drink_found",
            "successor_id": "27"
        },
        {
            "outcome_label": "ask-order_DETDUP_validate-slot-fill-EQ-pizza_flavour_maybe-found-drink_found-side_found",
            "successor_id": "4"
        },
        {
            "outcome_label": "ask-order_DETDUP_validate-slot-fill-EQ-pizza_flavour_maybe-found-drink_found-side_maybe-found",
            "successor_id": "24"
        },
        {
            "outcome_label": "ask-order_DETDUP_validate-slot-fill-EQ-pizza_flavour_maybe-found-drink_maybe-found",
            "successor_id": "30"
        },
        {
            "outcome_label": "ask-order_DETDUP_validate-slot-fill-EQ-pizza_flavour_maybe-found-drink_maybe-found-side_found",
            "successor_id": "18"
        },
        {
            "outcome_label": "ask-order_DETDUP_validate-slot-fill-EQ-pizza_flavour_maybe-found-drink_maybe-found-side_maybe-found",
            "successor_id": "25"
        },
        {
            "outcome_label": "ask-order_DETDUP_validate-slot-fill-EQ-pizza_flavour_maybe-found-side_found",
            "successor_id": "16"
        },
        {
            "outcome_label": "ask-order_DETDUP_validate-slot-fill-EQ-pizza_flavour_maybe-found-side_maybe-found",
            "successor_id": "17"
        },
        {
            "outcome_label": "ask-order_DETDUP_validate-slot-fill-EQ-side_found",
            "successor_id": "11"
        },
        {
            "outcome_label": "ask-order_DETDUP_validate-slot-fill-EQ-side_maybe-found",
            "successor_id": "14"
        }
       ]
    },
    "16": {
      "expected_successor": "5",
      "action": "single_slot__drink",
      "state": "0x14a57e0",
      "distance": 4,
      "is_relevant": 0,
      "is_goal": 0,
      "is_sc": 1,
      "successors": [
        {
            "outcome_label": "single_slot__drink_DETDUP_validate-slot-fill-EQ-fallback",
            "successor_id": "20"
        },
        {
            "outcome_label": "single_slot__drink_DETDUP_validate-slot-fill-EQ-fill-slot",
            "successor_id": "5"
        },
        {
            "outcome_label": "single_slot__drink_DETDUP_validate-slot-fill-EQ-slot-unclear",
            "successor_id": "18"
        }
       ]
    },
    "17": {
      "expected_successor": "16",
      "action": "clarify__side",
      "state": "0x14a0b40",
      "distance": 5,
      "is_relevant": 0,
      "is_goal": 0,
      "is_sc": 1,
      "successors": [
        {
            "outcome_label": "clarify__side_DETDUP_validate-clarification-EQ-confirm",
            "successor_id": "16"
        },
        {
            "outcome_label": "clarify__side_DETDUP_validate-clarification-EQ-deny",
            "successor_id": "22"
        },
        {
            "outcome_label": "clarify__side_DETDUP_validate-clarification-EQ-fallback",
            "successor_id": "21"
        }
       ]
    },
    "19": {
      "expected_successor": "18",
      "action": "dialogue_statement",
      "state": "0x149f660",
      "distance": 4,
      "is_relevant": 0,
      "is_goal": 0,
      "is_sc": 1,
      "successors": [
        {
            "outcome_label": "dialogue_statement_DETDUP_reset-EQ-lock",
            "successor_id": "18"
        }
       ]
    },
    "20": {
      "expected_successor": "16",
      "action": "dialogue_statement",
      "state": "0x149ff40",
      "distance": 5,
      "is_relevant": 0,
      "is_goal": 0,
      "is_sc": 1,
      "successors": [
        {
            "outcome_label": "dialogue_statement_DETDUP_reset-EQ-lock",
            "successor_id": "16"
        }
       ]
    },
    "21": {
      "expected_successor": "17",
      "action": "dialogue_statement",
      "state": "0x14a1540",
      "distance": 6,
      "is_relevant": 0,
      "is_goal": 0,
      "is_sc": 1,
      "successors": [
        {
            "outcome_label": "dialogue_statement_DETDUP_reset-EQ-lock",
            "successor_id": "17"
        }
       ]
    },
    "22": {
      "expected_successor": "20",
      "action": "single_slot__side",
      "state": "0x14a1b30",
      "distance": 6,
      "is_relevant": 0,
      "is_goal": 0,
      "is_sc": 1,
      "successors": [
        {
            "outcome_label": "single_slot__side_DETDUP_validate-slot-fill-EQ-fallback",
            "successor_id": "23"
        },
        {
            "outcome_label": "single_slot__side_DETDUP_validate-slot-fill-EQ-fill-slot",
            "successor_id": "20"
        },
        {
            "outcome_label": "single_slot__side_DETDUP_validate-slot-fill-EQ-slot-unclear",
            "successor_id": "17"
        }
       ]
    },
    "23": {
      "expected_successor": "22",
      "action": "dialogue_statement",
      "state": "0x14a2c20",
      "distance": 7,
      "is_relevant": 0,
      "is_goal": 0,
      "is_sc": 1,
      "successors": [
        {
            "outcome_label": "dialogue_statement_DETDUP_reset-EQ-lock",
            "successor_id": "22"
        }
       ]
    },
    "24": {
      "expected_successor": "4",
      "action": "clarify__side",
      "state": "0x14a2ba0",
      "distance": 3,
      "is_relevant": 0,
      "is_goal": 0,
      "is_sc": 1,
      "successors": [
        {
            "outcome_label": "clarify__side_DETDUP_validate-clarification-EQ-confirm",
            "successor_id": "4"
        },
        {
            "outcome_label": "clarify__side_DETDUP_validate-clarification-EQ-deny",
            "successor_id": "27"
        },
        {
            "outcome_label": "clarify__side_DETDUP_validate-clarification-EQ-fallback",
            "successor_id": "26"
        }
       ]
    },
    "25": {
      "expected_successor": "24",
      "action": "clarify__drink",
      "state": "0x14a25e0",
      "distance": 4,
      "is_relevant": 0,
      "is_goal": 0,
      "is_sc": 1,
      "successors": [
        {
            "outcome_label": "clarify__drink_DETDUP_validate-clarification-EQ-confirm",
            "successor_id": "24"
        },
        {
            "outcome_label": "clarify__drink_DETDUP_validate-clarification-EQ-deny",
            "successor_id": "17"
        },
        {
            "outcome_label": "clarify__drink_DETDUP_validate-clarification-EQ-fallback",
            "successor_id": "29"
        }
       ]
    },
    "27": {
      "expected_successor": "5",
      "action": "single_slot__side",
      "state": "0x14a32a0",
      "distance": 4,
      "is_relevant": 0,
      "is_goal": 0,
      "is_sc": 1,
      "successors": [
        {
            "outcome_label": "single_slot__side_DETDUP_validate-slot-fill-EQ-fallback",
            "successor_id": "28"
        },
        {
            "outcome_label": "single_slot__side_DETDUP_validate-slot-fill-EQ-fill-slot",
            "successor_id": "5"
        },
        {
            "outcome_label": "single_slot__side_DETDUP_validate-slot-fill-EQ-slot-unclear",
            "successor_id": "24"
        }
       ]
    },
    "26": {
      "expected_successor": "24",
      "action": "dialogue_statement",
      "state": "0x14a3680",
      "distance": 4,
      "is_relevant": 0,
      "is_goal": 0,
      "is_sc": 1,
      "successors": [
        {
            "outcome_label": "dialogue_statement_DETDUP_reset-EQ-lock",
            "successor_id": "24"
        }
       ]
    },
    "18": {
      "expected_successor": "4",
      "action": "clarify__drink",
      "state": "0x14a5400",
      "distance": 3,
      "is_relevant": 0,
      "is_goal": 0,
      "is_sc": 1,
      "successors": [
        {
            "outcome_label": "clarify__drink_DETDUP_validate-clarification-EQ-confirm",
            "successor_id": "4"
        },
        {
            "outcome_label": "clarify__drink_DETDUP_validate-clarification-EQ-deny",
            "successor_id": "16"
        },
        {
            "outcome_label": "clarify__drink_DETDUP_validate-clarification-EQ-fallback",
            "successor_id": "19"
        }
       ]
    },
    "28": {
      "expected_successor": "27",
      "action": "dialogue_statement",
      "state": "0x14a5be0",
      "distance": 5,
      "is_relevant": 0,
      "is_goal": 0,
      "is_sc": 1,
      "successors": [
        {
            "outcome_label": "dialogue_statement_DETDUP_reset-EQ-lock",
            "successor_id": "27"
        }
       ]
    },
    "29": {
      "expected_successor": "25",
      "action": "dialogue_statement",
      "state": "0x14a8040",
      "distance": 5,
      "is_relevant": 0,
      "is_goal": 0,
      "is_sc": 1,
      "successors": [
        {
            "outcome_label": "dialogue_statement_DETDUP_reset-EQ-lock",
            "successor_id": "25"
        }
       ]
    },
    "30": {
      "expected_successor": "27",
      "action": "clarify__drink",
      "state": "0x14a8120",
      "distance": 5,
      "is_relevant": 0,
      "is_goal": 0,
      "is_sc": 1,
      "successors": [
        {
            "outcome_label": "clarify__drink_DETDUP_validate-clarification-EQ-confirm",
            "successor_id": "27"
        },
        {
            "outcome_label": "clarify__drink_DETDUP_validate-clarification-EQ-deny",
            "successor_id": "22"
        },
        {
            "outcome_label": "clarify__drink_DETDUP_validate-clarification-EQ-fallback",
            "successor_id": "31"
        }
       ]
    },
    "31": {
      "expected_successor": "30",
      "action": "dialogue_statement",
      "state": "0x14a9300",
      "distance": 6,
      "is_relevant": 0,
      "is_goal": 0,
      "is_sc": 1,
      "successors": [
        {
            "outcome_label": "dialogue_statement_DETDUP_reset-EQ-lock",
            "successor_id": "30"
        }
       ]
    },
    "32": {
      "expected_successor": "1",
      "action": "single_slot__drink",
      "state": "0x14aa350",
      "distance": 2,
      "is_relevant": 0,
      "is_goal": 0,
      "is_sc": 1,
      "successors": [
        {
            "outcome_label": "single_slot__drink_DETDUP_validate-slot-fill-EQ-fallback",
            "successor_id": "36"
        },
        {
            "outcome_label": "single_slot__drink_DETDUP_validate-slot-fill-EQ-fill-slot",
            "successor_id": "1"
        },
        {
            "outcome_label": "single_slot__drink_DETDUP_validate-slot-fill-EQ-slot-unclear",
            "successor_id": "34"
        }
       ]
    },
    "35": {
      "expected_successor": "34",
      "action": "dialogue_statement",
      "state": "0x14ac180",
      "distance": 3,
      "is_relevant": 0,
      "is_goal": 0,
      "is_sc": 1,
      "successors": [
        {
            "outcome_label": "dialogue_statement_DETDUP_reset-EQ-lock",
            "successor_id": "34"
        }
       ]
    },
    "33": {
      "expected_successor": "32",
      "action": "clarify__side",
      "state": "0x14a95f0",
      "distance": 3,
      "is_relevant": 0,
      "is_goal": 0,
      "is_sc": 1,
      "successors": [
        {
            "outcome_label": "clarify__side_DETDUP_validate-clarification-EQ-confirm",
            "successor_id": "32"
        },
        {
            "outcome_label": "clarify__side_DETDUP_validate-clarification-EQ-deny",
            "successor_id": "38"
        },
        {
            "outcome_label": "clarify__side_DETDUP_validate-clarification-EQ-fallback",
            "successor_id": "37"
        }
       ]
    },
    "34": {
      "expected_successor": "1",
      "action": "clarify__drink",
      "state": "0x14ab3f0",
      "distance": 2,
      "is_relevant": 0,
      "is_goal": 0,
      "is_sc": 1,
      "successors": [
        {
            "outcome_label": "clarify__drink_DETDUP_validate-clarification-EQ-confirm",
            "successor_id": "1"
        },
        {
            "outcome_label": "clarify__drink_DETDUP_validate-clarification-EQ-deny",
            "successor_id": "32"
        },
        {
            "outcome_label": "clarify__drink_DETDUP_validate-clarification-EQ-fallback",
            "successor_id": "35"
        }
       ]
    },
    "36": {
      "expected_successor": "32",
      "action": "dialogue_statement",
      "state": "0x14ac4b0",
      "distance": 3,
      "is_relevant": 0,
      "is_goal": 0,
      "is_sc": 1,
      "successors": [
        {
            "outcome_label": "dialogue_statement_DETDUP_reset-EQ-lock",
            "successor_id": "32"
        }
       ]
    },
    "37": {
      "expected_successor": "33",
      "action": "dialogue_statement",
      "state": "0x14ad310",
      "distance": 4,
      "is_relevant": 0,
      "is_goal": 0,
      "is_sc": 1,
      "successors": [
        {
            "outcome_label": "dialogue_statement_DETDUP_reset-EQ-lock",
            "successor_id": "33"
        }
       ]
    },
    "38": {
      "expected_successor": "36",
      "action": "single_slot__side",
      "state": "0x14ad0a0",
      "distance": 4,
      "is_relevant": 0,
      "is_goal": 0,
      "is_sc": 1,
      "successors": [
        {
            "outcome_label": "single_slot__side_DETDUP_validate-slot-fill-EQ-fallback",
            "successor_id": "39"
        },
        {
            "outcome_label": "single_slot__side_DETDUP_validate-slot-fill-EQ-fill-slot",
            "successor_id": "36"
        },
        {
            "outcome_label": "single_slot__side_DETDUP_validate-slot-fill-EQ-slot-unclear",
            "successor_id": "33"
        }
       ]
    },
    "39": {
      "expected_successor": "38",
      "action": "dialogue_statement",
      "state": "0x14ae950",
      "distance": 5,
      "is_relevant": 0,
      "is_goal": 0,
      "is_sc": 1,
      "successors": [
        {
            "outcome_label": "dialogue_statement_DETDUP_reset-EQ-lock",
            "successor_id": "38"
        }
       ]
    },
    "42": {
      "expected_successor": "40",
      "action": "dialogue_statement",
      "state": "0x14b0020",
      "distance": 3,
      "is_relevant": 0,
      "is_goal": 0,
      "is_sc": 1,
      "successors": [
        {
            "outcome_label": "dialogue_statement_DETDUP_reset-EQ-lock",
            "successor_id": "40"
        }
       ]
    },
    "43": {
      "expected_successor": "1",
      "action": "single_slot__side",
      "state": "0x14b05e0",
      "distance": 2,
      "is_relevant": 0,
      "is_goal": 0,
      "is_sc": 1,
      "successors": [
        {
            "outcome_label": "single_slot__side_DETDUP_validate-slot-fill-EQ-fallback",
            "successor_id": "44"
        },
        {
            "outcome_label": "single_slot__side_DETDUP_validate-slot-fill-EQ-fill-slot",
            "successor_id": "1"
        },
        {
            "outcome_label": "single_slot__side_DETDUP_validate-slot-fill-EQ-slot-unclear",
            "successor_id": "40"
        }
       ]
    },
    "44": {
      "expected_successor": "43",
      "action": "dialogue_statement",
      "state": "0x14b1580",
      "distance": 3,
      "is_relevant": 0,
      "is_goal": 0,
      "is_sc": 1,
      "successors": [
        {
            "outcome_label": "dialogue_statement_DETDUP_reset-EQ-lock",
            "successor_id": "43"
        }
       ]
    },
    "45": {
      "expected_successor": "41",
      "action": "dialogue_statement",
      "state": "0x14b1d30",
      "distance": 4,
      "is_relevant": 0,
      "is_goal": 0,
      "is_sc": 1,
      "successors": [
        {
            "outcome_label": "dialogue_statement_DETDUP_reset-EQ-lock",
            "successor_id": "41"
        }
       ]
    },
    "48": {
      "expected_successor": "15",
      "action": "dialogue_statement",
      "state": "0x14b2a40",
      "distance": 4,
      "is_relevant": 0,
      "is_goal": 0,
      "is_sc": 1,
      "successors": [
        {
            "outcome_label": "dialogue_statement_DETDUP_reset-EQ-lock",
            "successor_id": "15"
        }
       ]
    },
    "49": {
      "expected_successor": "2",
      "action": "clarify__side",
      "state": "0x14b39c0",
      "distance": 3,
      "is_relevant": 0,
      "is_goal": 0,
      "is_sc": 1,
      "successors": [
        {
            "outcome_label": "clarify__side_DETDUP_validate-clarification-EQ-confirm",
            "successor_id": "2"
        },
        {
            "outcome_label": "clarify__side_DETDUP_validate-clarification-EQ-deny",
            "successor_id": "52"
        },
        {
            "outcome_label": "clarify__side_DETDUP_validate-clarification-EQ-fallback",
            "successor_id": "51"
        }
       ]
    },
    "50": {
      "expected_successor": "49",
      "action": "clarify__drink",
      "state": "0x14b3a00",
      "distance": 4,
      "is_relevant": 0,
      "is_goal": 0,
      "is_sc": 1,
      "successors": [
        {
            "outcome_label": "clarify__drink_DETDUP_validate-clarification-EQ-confirm",
            "successor_id": "49"
        },
        {
            "outcome_label": "clarify__drink_DETDUP_validate-clarification-EQ-deny",
            "successor_id": "14"
        },
        {
            "outcome_label": "clarify__drink_DETDUP_validate-clarification-EQ-fallback",
            "successor_id": "54"
        }
       ]
    },
    "51": {
      "expected_successor": "49",
      "action": "dialogue_statement",
      "state": "0x14b61e0",
      "distance": 4,
      "is_relevant": 0,
      "is_goal": 0,
      "is_sc": 1,
      "successors": [
        {
            "outcome_label": "dialogue_statement_DETDUP_reset-EQ-lock",
            "successor_id": "49"
        }
       ]
    },
    "47": {
      "expected_successor": "46",
      "action": "dialogue_statement",
      "state": "0x14b2700",
      "distance": 4,
      "is_relevant": 0,
      "is_goal": 0,
      "is_sc": 1,
      "successors": [
        {
            "outcome_label": "dialogue_statement_DETDUP_reset-EQ-lock",
            "successor_id": "46"
        }
       ]
    },
    "46": {
      "expected_successor": "43",
      "action": "clarify__drink",
      "state": "0x14b23b0",
      "distance": 3,
      "is_relevant": 0,
      "is_goal": 0,
      "is_sc": 1,
      "successors": [
        {
            "outcome_label": "clarify__drink_DETDUP_validate-clarification-EQ-confirm",
            "successor_id": "43"
        },
        {
            "outcome_label": "clarify__drink_DETDUP_validate-clarification-EQ-deny",
            "successor_id": "38"
        },
        {
            "outcome_label": "clarify__drink_DETDUP_validate-clarification-EQ-fallback",
            "successor_id": "47"
        }
       ]
    },
    "41": {
      "expected_successor": "40",
      "action": "clarify__drink",
      "state": "0x14b5580",
      "distance": 3,
      "is_relevant": 0,
      "is_goal": 0,
      "is_sc": 1,
      "successors": [
        {
            "outcome_label": "clarify__drink_DETDUP_validate-clarification-EQ-confirm",
            "successor_id": "40"
        },
        {
            "outcome_label": "clarify__drink_DETDUP_validate-clarification-EQ-deny",
            "successor_id": "33"
        },
        {
            "outcome_label": "clarify__drink_DETDUP_validate-clarification-EQ-fallback",
            "successor_id": "45"
        }
       ]
    },
    "40": {
      "expected_successor": "1",
      "action": "clarify__side",
      "state": "0x14aea30",
      "distance": 2,
      "is_relevant": 0,
      "is_goal": 0,
      "is_sc": 1,
      "successors": [
        {
            "outcome_label": "clarify__side_DETDUP_validate-clarification-EQ-confirm",
            "successor_id": "1"
        },
        {
            "outcome_label": "clarify__side_DETDUP_validate-clarification-EQ-deny",
            "successor_id": "43"
        },
        {
            "outcome_label": "clarify__side_DETDUP_validate-clarification-EQ-fallback",
            "successor_id": "42"
        }
       ]
    },
    "52": {
      "expected_successor": "6",
      "action": "single_slot__side",
      "state": "0x14b63f0",
      "distance": 4,
      "is_relevant": 0,
      "is_goal": 0,
      "is_sc": 1,
      "successors": [
        {
            "outcome_label": "single_slot__side_DETDUP_validate-slot-fill-EQ-fallback",
            "successor_id": "53"
        },
        {
            "outcome_label": "single_slot__side_DETDUP_validate-slot-fill-EQ-fill-slot",
            "successor_id": "6"
        },
        {
            "outcome_label": "single_slot__side_DETDUP_validate-slot-fill-EQ-slot-unclear",
            "successor_id": "49"
        }
       ]
    },
    "53": {
      "expected_successor": "52",
      "action": "dialogue_statement",
      "state": "0x14b77b0",
      "distance": 5,
      "is_relevant": 0,
      "is_goal": 0,
      "is_sc": 1,
      "successors": [
        {
            "outcome_label": "dialogue_statement_DETDUP_reset-EQ-lock",
            "successor_id": "52"
        }
       ]
    },
    "54": {
      "expected_successor": "50",
      "action": "dialogue_statement",
      "state": "0x14b8090",
      "distance": 5,
      "is_relevant": 0,
      "is_goal": 0,
      "is_sc": 1,
      "successors": [
        {
            "outcome_label": "dialogue_statement_DETDUP_reset-EQ-lock",
            "successor_id": "50"
        }
       ]
    },
    "55": {
      "expected_successor": "52",
      "action": "clarify__drink",
      "state": "0x14b84b0",
      "distance": 5,
      "is_relevant": 0,
      "is_goal": 0,
      "is_sc": 1,
      "successors": [
        {
            "outcome_label": "clarify__drink_DETDUP_validate-clarification-EQ-confirm",
            "successor_id": "52"
        },
        {
            "outcome_label": "clarify__drink_DETDUP_validate-clarification-EQ-deny",
            "successor_id": "15"
        },
        {
            "outcome_label": "clarify__drink_DETDUP_validate-clarification-EQ-fallback",
            "successor_id": "56"
        }
       ]
    },
    "56": {
      "expected_successor": "55",
      "action": "dialogue_statement",
      "state": "0x14b8ff0",
      "distance": 6,
      "is_relevant": 0,
      "is_goal": 0,
      "is_sc": 1,
      "successors": [
        {
            "outcome_label": "dialogue_statement_DETDUP_reset-EQ-lock",
            "successor_id": "55"
        }
       ]
    }
  },
  "edges" : [
      ["2", ">", "6"],
      ["2", ">", "1"],
      ["2", ">", "4"],
      ["1", ">", "0"],
      ["3", ">", "53"],
      ["3", ">", "2"],
      ["3", ">", "49"],
      ["3", ">", "55"],
      ["3", ">", "9"],
      ["3", ">", "50"],
      ["3", ">", "48"],
      ["3", ">", "39"],
      ["3", ">", "43"],
      ["3", ">", "1"],
      ["3", ">", "40"],
      ["3", ">", "46"],
      ["3", ">", "34"],
      ["3", ">", "41"],
      ["3", ">", "32"],
      ["3", ">", "33"],
      ["3", ">", "22"],
      ["3", ">", "27"],
      ["3", ">", "4"],
      ["3", ">", "24"],
      ["3", ">", "30"],
      ["3", ">", "18"],
      ["3", ">", "25"],
      ["3", ">", "16"],
      ["3", ">", "17"],
      ["3", ">", "11"],
      ["3", ">", "8"],
      ["5", ">", "4"],
      ["4", ">", "1"],
      ["4", ">", "2"],
      ["4", ">", "5"],
      ["6", ">", "2"],
      ["7", ">", "11"],
      ["7", ">", "6"],
      ["7", ">", "9"],
      ["8", ">", "7"],
      ["8", ">", "15"],
      ["8", ">", "12"],
      ["9", ">", "2"],
      ["9", ">", "7"],
      ["9", ">", "10"],
      ["10", ">", "9"],
      ["11", ">", "7"],
      ["12", ">", "8"],
      ["13", ">", "14"],
      ["14", ">", "7"],
      ["14", ">", "15"],
      ["14", ">", "13"],
      ["15", ">", "53"],
      ["15", ">", "2"],
      ["15", ">", "49"],
      ["15", ">", "55"],
      ["15", ">", "9"],
      ["15", ">", "50"],
      ["15", ">", "48"],
      ["15", ">", "39"],
      ["15", ">", "43"],
      ["15", ">", "1"],
      ["15", ">", "40"],
      ["15", ">", "46"],
      ["15", ">", "34"],
      ["15", ">", "41"],
      ["15", ">", "32"],
      ["15", ">", "33"],
      ["15", ">", "22"],
      ["15", ">", "27"],
      ["15", ">", "4"],
      ["15", ">", "24"],
      ["15", ">", "30"],
      ["15", ">", "18"],
      ["15", ">", "25"],
      ["15", ">", "16"],
      ["15", ">", "17"],
      ["15", ">", "11"],
      ["15", ">", "14"],
      ["16", ">", "20"],
      ["16", ">", "5"],
      ["16", ">", "18"],
      ["17", ">", "16"],
      ["17", ">", "22"],
      ["17", ">", "21"],
      ["19", ">", "18"],
      ["20", ">", "16"],
      ["21", ">", "17"],
      ["22", ">", "23"],
      ["22", ">", "20"],
      ["22", ">", "17"],
      ["23", ">", "22"],
      ["24", ">", "4"],
      ["24", ">", "27"],
      ["24", ">", "26"],
      ["25", ">", "24"],
      ["25", ">", "17"],
      ["25", ">", "29"],
      ["27", ">", "28"],
      ["27", ">", "5"],
      ["27", ">", "24"],
      ["26", ">", "24"],
      ["18", ">", "4"],
      ["18", ">", "16"],
      ["18", ">", "19"],
      ["28", ">", "27"],
      ["29", ">", "25"],
      ["30", ">", "27"],
      ["30", ">", "22"],
      ["30", ">", "31"],
      ["31", ">", "30"],
      ["32", ">", "36"],
      ["32", ">", "1"],
      ["32", ">", "34"],
      ["35", ">", "34"],
      ["33", ">", "32"],
      ["33", ">", "38"],
      ["33", ">", "37"],
      ["34", ">", "1"],
      ["34", ">", "32"],
      ["34", ">", "35"],
      ["36", ">", "32"],
      ["37", ">", "33"],
      ["38", ">", "39"],
      ["38", ">", "36"],
      ["38", ">", "33"],
      ["39", ">", "38"],
      ["42", ">", "40"],
      ["43", ">", "44"],
      ["43", ">", "1"],
      ["43", ">", "40"],
      ["44", ">", "43"],
      ["45", ">", "41"],
      ["48", ">", "15"],
      ["49", ">", "2"],
      ["49", ">", "52"],
      ["49", ">", "51"],
      ["50", ">", "49"],
      ["50", ">", "14"],
      ["50", ">", "54"],
      ["51", ">", "49"],
      ["47", ">", "46"],
      ["46", ">", "43"],
      ["46", ">", "38"],
      ["46", ">", "47"],
      ["41", ">", "40"],
      ["41", ">", "33"],
      ["41", ">", "45"],
      ["40", ">", "1"],
      ["40", ">", "43"],
      ["40", ">", "42"],
      ["52", ">", "53"],
      ["52", ">", "6"],
      ["52", ">", "49"],
      ["53", ">", "52"],
      ["54", ">", "50"],
      ["55", ">", "52"],
      ["55", ">", "15"],
      ["55", ">", "56"],
      ["56", ">", "55"]
  ],
  "states" : {
    "0x14775b0": [
      "Atom goal()"
    ],
    "0x14913e0": [
      "NegatedAtom force-statement()",
      "Atom have_drink()",
      "NegatedAtom maybe-have_drink()",
      "NegatedAtom have_pizza_flavour()",
      "NegatedAtom maybe-have_pizza_flavour()",
      "Atom have_side()",
      "NegatedAtom maybe-have_side()",
      "Atom allow_single_slot_pizza_flavour()"
    ],
    "0x1497090": [
      "Atom have_drink()",
      "NegatedAtom maybe-have_drink()",
      "Atom have_pizza_flavour()",
      "NegatedAtom maybe-have_pizza_flavour()",
      "Atom have_side()",
      "NegatedAtom maybe-have_side()"
    ],
    "0x14914c0": [
      "NegatedAtom force-statement()",
      "NegatedAtom have_drink()",
      "NegatedAtom maybe-have_drink()",
      "NegatedAtom have_pizza_flavour()",
      "NegatedAtom maybe-have_pizza_flavour()",
      "NegatedAtom have_side()",
      "NegatedAtom maybe-have_side()"
    ],
    "0x14955b0": [
      "Atom force-statement()",
      "Atom have-message()",
      "Atom have_drink()",
      "NegatedAtom maybe-have_drink()",
      "NegatedAtom have_pizza_flavour()",
      "Atom maybe-have_pizza_flavour()",
      "Atom have_side()",
      "NegatedAtom maybe-have_side()"
    ],
    "0x1494b90": [
      "NegatedAtom force-statement()",
      "Atom have_drink()",
      "NegatedAtom maybe-have_drink()",
      "NegatedAtom have_pizza_flavour()",
      "Atom maybe-have_pizza_flavour()",
      "Atom have_side()",
      "NegatedAtom maybe-have_side()"
    ],
    "0x1495e30": [
      "Atom force-statement()",
      "Atom have-message()",
      "Atom have_drink()",
      "NegatedAtom maybe-have_drink()",
      "NegatedAtom have_pizza_flavour()",
      "NegatedAtom maybe-have_pizza_flavour()",
      "Atom have_side()",
      "NegatedAtom maybe-have_side()",
      "Atom allow_single_slot_pizza_flavour()"
    ],
    "0x14963e0": [
      "NegatedAtom force-statement()",
      "NegatedAtom have_drink()",
      "NegatedAtom maybe-have_drink()",
      "NegatedAtom have_pizza_flavour()",
      "NegatedAtom maybe-have_pizza_flavour()",
      "Atom have_side()",
      "NegatedAtom maybe-have_side()",
      "Atom allow_single_slot_drink()",
      "Atom allow_single_slot_pizza_flavour()"
    ],
    "0x1496610": [
      "NegatedAtom force-statement()",
      "NegatedAtom have_drink()",
      "NegatedAtom maybe-have_drink()",
      "NegatedAtom have_pizza_flavour()",
      "NegatedAtom maybe-have_pizza_flavour()",
      "NegatedAtom have_side()",
      "Atom maybe-have_side()",
      "Atom allow_single_slot_drink()",
      "Atom allow_single_slot_pizza_flavour()"
    ],
    "0x14988a0": [
      "NegatedAtom force-statement()",
      "NegatedAtom have_drink()",
      "Atom maybe-have_drink()",
      "NegatedAtom have_pizza_flavour()",
      "NegatedAtom maybe-have_pizza_flavour()",
      "Atom have_side()",
      "NegatedAtom maybe-have_side()",
      "Atom allow_single_slot_pizza_flavour()"
    ],
    "0x1499330": [
      "Atom force-statement()",
      "Atom have-message()",
      "NegatedAtom have_drink()",
      "Atom maybe-have_drink()",
      "NegatedAtom have_pizza_flavour()",
      "NegatedAtom maybe-have_pizza_flavour()",
      "Atom have_side()",
      "NegatedAtom maybe-have_side()",
      "Atom allow_single_slot_pizza_flavour()"
    ],
    "0x1499cc0": [
      "Atom force-statement()",
      "Atom have-message()",
      "NegatedAtom have_drink()",
      "NegatedAtom maybe-have_drink()",
      "NegatedAtom have_pizza_flavour()",
      "NegatedAtom maybe-have_pizza_flavour()",
      "Atom have_side()",
      "NegatedAtom maybe-have_side()",
      "Atom allow_single_slot_drink()",
      "Atom allow_single_slot_pizza_flavour()"
    ],
    "0x1499100": [
      "Atom force-statement()",
      "Atom have-message()",
      "NegatedAtom have_drink()",
      "NegatedAtom maybe-have_drink()",
      "NegatedAtom have_pizza_flavour()",
      "NegatedAtom maybe-have_pizza_flavour()",
      "NegatedAtom have_side()",
      "Atom maybe-have_side()",
      "Atom allow_single_slot_drink()",
      "Atom allow_single_slot_pizza_flavour()"
    ],
    "0x149cab0": [
      "Atom force-statement()",
      "Atom have-message()",
      "NegatedAtom have_drink()",
      "NegatedAtom maybe-have_drink()",
      "NegatedAtom have_pizza_flavour()",
      "NegatedAtom maybe-have_pizza_flavour()",
      "NegatedAtom have_side()",
      "Atom maybe-have_side()",
      "Atom allow_single_slot_drink()",
      "Atom allow_single_slot_pizza_flavour()"
    ],
    "0x149d570": [
      "NegatedAtom force-statement()",
      "NegatedAtom have_drink()",
      "NegatedAtom maybe-have_drink()",
      "NegatedAtom have_pizza_flavour()",
      "NegatedAtom maybe-have_pizza_flavour()",
      "NegatedAtom have_side()",
      "Atom maybe-have_side()",
      "Atom allow_single_slot_drink()",
      "Atom allow_single_slot_pizza_flavour()"
    ],
    "0x149d720": [
      "NegatedAtom force-statement()",
      "NegatedAtom have_drink()",
      "NegatedAtom maybe-have_drink()",
      "NegatedAtom have_pizza_flavour()",
      "NegatedAtom maybe-have_pizza_flavour()",
      "NegatedAtom have_side()",
      "NegatedAtom maybe-have_side()"
    ],
    "0x14a57e0": [
      "NegatedAtom force-statement()",
      "NegatedAtom have_drink()",
      "NegatedAtom maybe-have_drink()",
      "NegatedAtom have_pizza_flavour()",
      "Atom maybe-have_pizza_flavour()",
      "Atom have_side()",
      "NegatedAtom maybe-have_side()",
      "Atom allow_single_slot_drink()"
    ],
    "0x14a0b40": [
      "NegatedAtom force-statement()",
      "NegatedAtom have_drink()",
      "NegatedAtom maybe-have_drink()",
      "NegatedAtom have_pizza_flavour()",
      "Atom maybe-have_pizza_flavour()",
      "NegatedAtom have_side()",
      "Atom maybe-have_side()",
      "Atom allow_single_slot_drink()"
    ],
    "0x149f660": [
      "Atom force-statement()",
      "Atom have-message()",
      "NegatedAtom have_drink()",
      "Atom maybe-have_drink()",
      "NegatedAtom have_pizza_flavour()",
      "Atom maybe-have_pizza_flavour()",
      "Atom have_side()",
      "NegatedAtom maybe-have_side()"
    ],
    "0x149ff40": [
      "Atom force-statement()",
      "Atom have-message()",
      "NegatedAtom have_drink()",
      "NegatedAtom maybe-have_drink()",
      "NegatedAtom have_pizza_flavour()",
      "Atom maybe-have_pizza_flavour()",
      "Atom have_side()",
      "NegatedAtom maybe-have_side()",
      "Atom allow_single_slot_drink()"
    ],
    "0x14a1540": [
      "Atom force-statement()",
      "Atom have-message()",
      "NegatedAtom have_drink()",
      "NegatedAtom maybe-have_drink()",
      "NegatedAtom have_pizza_flavour()",
      "Atom maybe-have_pizza_flavour()",
      "NegatedAtom have_side()",
      "Atom maybe-have_side()",
      "Atom allow_single_slot_drink()"
    ],
    "0x14a1b30": [
      "NegatedAtom force-statement()",
      "NegatedAtom have_drink()",
      "NegatedAtom maybe-have_drink()",
      "NegatedAtom have_pizza_flavour()",
      "Atom maybe-have_pizza_flavour()",
      "NegatedAtom have_side()",
      "NegatedAtom maybe-have_side()",
      "Atom allow_single_slot_drink()",
      "Atom allow_single_slot_side()"
    ],
    "0x14a2c20": [
      "Atom force-statement()",
      "Atom have-message()",
      "NegatedAtom have_drink()",
      "NegatedAtom maybe-have_drink()",
      "NegatedAtom have_pizza_flavour()",
      "Atom maybe-have_pizza_flavour()",
      "NegatedAtom have_side()",
      "NegatedAtom maybe-have_side()",
      "Atom allow_single_slot_drink()",
      "Atom allow_single_slot_side()"
    ],
    "0x14a2ba0": [
      "NegatedAtom force-statement()",
      "Atom have_drink()",
      "NegatedAtom maybe-have_drink()",
      "NegatedAtom have_pizza_flavour()",
      "Atom maybe-have_pizza_flavour()",
      "NegatedAtom have_side()",
      "Atom maybe-have_side()"
    ],
    "0x14a25e0": [
      "NegatedAtom force-statement()",
      "NegatedAtom have_drink()",
      "Atom maybe-have_drink()",
      "NegatedAtom have_pizza_flavour()",
      "Atom maybe-have_pizza_flavour()",
      "NegatedAtom have_side()",
      "Atom maybe-have_side()"
    ],
    "0x14a32a0": [
      "NegatedAtom force-statement()",
      "Atom have_drink()",
      "NegatedAtom maybe-have_drink()",
      "NegatedAtom have_pizza_flavour()",
      "Atom maybe-have_pizza_flavour()",
      "NegatedAtom have_side()",
      "NegatedAtom maybe-have_side()",
      "Atom allow_single_slot_side()"
    ],
    "0x14a3680": [
      "Atom force-statement()",
      "Atom have-message()",
      "Atom have_drink()",
      "NegatedAtom maybe-have_drink()",
      "NegatedAtom have_pizza_flavour()",
      "Atom maybe-have_pizza_flavour()",
      "NegatedAtom have_side()",
      "Atom maybe-have_side()"
    ],
    "0x14a5400": [
      "NegatedAtom force-statement()",
      "NegatedAtom have_drink()",
      "Atom maybe-have_drink()",
      "NegatedAtom have_pizza_flavour()",
      "Atom maybe-have_pizza_flavour()",
      "Atom have_side()",
      "NegatedAtom maybe-have_side()"
    ],
    "0x14a5be0": [
      "Atom force-statement()",
      "Atom have-message()",
      "Atom have_drink()",
      "NegatedAtom maybe-have_drink()",
      "NegatedAtom have_pizza_flavour()",
      "Atom maybe-have_pizza_flavour()",
      "NegatedAtom have_side()",
      "NegatedAtom maybe-have_side()",
      "Atom allow_single_slot_side()"
    ],
    "0x14a8040": [
      "Atom force-statement()",
      "Atom have-message()",
      "NegatedAtom have_drink()",
      "Atom maybe-have_drink()",
      "NegatedAtom have_pizza_flavour()",
      "Atom maybe-have_pizza_flavour()",
      "NegatedAtom have_side()",
      "Atom maybe-have_side()"
    ],
    "0x14a8120": [
      "NegatedAtom force-statement()",
      "NegatedAtom have_drink()",
      "Atom maybe-have_drink()",
      "NegatedAtom have_pizza_flavour()",
      "Atom maybe-have_pizza_flavour()",
      "NegatedAtom have_side()",
      "NegatedAtom maybe-have_side()",
      "Atom allow_single_slot_side()"
    ],
    "0x14a9300": [
      "Atom force-statement()",
      "Atom have-message()",
      "NegatedAtom have_drink()",
      "Atom maybe-have_drink()",
      "NegatedAtom have_pizza_flavour()",
      "Atom maybe-have_pizza_flavour()",
      "NegatedAtom have_side()",
      "NegatedAtom maybe-have_side()",
      "Atom allow_single_slot_side()"
    ],
    "0x14aa350": [
      "NegatedAtom force-statement()",
      "NegatedAtom have_drink()",
      "NegatedAtom maybe-have_drink()",
      "Atom have_pizza_flavour()",
      "NegatedAtom maybe-have_pizza_flavour()",
      "Atom have_side()",
      "NegatedAtom maybe-have_side()",
      "Atom allow_single_slot_drink()"
    ],
    "0x14ac180": [
      "Atom force-statement()",
      "Atom have-message()",
      "NegatedAtom have_drink()",
      "Atom maybe-have_drink()",
      "Atom have_pizza_flavour()",
      "NegatedAtom maybe-have_pizza_flavour()",
      "Atom have_side()",
      "NegatedAtom maybe-have_side()"
    ],
    "0x14a95f0": [
      "NegatedAtom force-statement()",
      "NegatedAtom have_drink()",
      "NegatedAtom maybe-have_drink()",
      "Atom have_pizza_flavour()",
      "NegatedAtom maybe-have_pizza_flavour()",
      "NegatedAtom have_side()",
      "Atom maybe-have_side()",
      "Atom allow_single_slot_drink()"
    ],
    "0x14ab3f0": [
      "NegatedAtom force-statement()",
      "NegatedAtom have_drink()",
      "Atom maybe-have_drink()",
      "Atom have_pizza_flavour()",
      "NegatedAtom maybe-have_pizza_flavour()",
      "Atom have_side()",
      "NegatedAtom maybe-have_side()"
    ],
    "0x14ac4b0": [
      "Atom force-statement()",
      "Atom have-message()",
      "NegatedAtom have_drink()",
      "NegatedAtom maybe-have_drink()",
      "Atom have_pizza_flavour()",
      "NegatedAtom maybe-have_pizza_flavour()",
      "Atom have_side()",
      "NegatedAtom maybe-have_side()",
      "Atom allow_single_slot_drink()"
    ],
    "0x14ad310": [
      "Atom force-statement()",
      "Atom have-message()",
      "NegatedAtom have_drink()",
      "NegatedAtom maybe-have_drink()",
      "Atom have_pizza_flavour()",
      "NegatedAtom maybe-have_pizza_flavour()",
      "NegatedAtom have_side()",
      "Atom maybe-have_side()",
      "Atom allow_single_slot_drink()"
    ],
    "0x14ad0a0": [
      "NegatedAtom force-statement()",
      "NegatedAtom have_drink()",
      "NegatedAtom maybe-have_drink()",
      "Atom have_pizza_flavour()",
      "NegatedAtom maybe-have_pizza_flavour()",
      "NegatedAtom have_side()",
      "NegatedAtom maybe-have_side()",
      "Atom allow_single_slot_drink()",
      "Atom allow_single_slot_side()"
    ],
    "0x14ae950": [
      "Atom force-statement()",
      "Atom have-message()",
      "NegatedAtom have_drink()",
      "NegatedAtom maybe-have_drink()",
      "Atom have_pizza_flavour()",
      "NegatedAtom maybe-have_pizza_flavour()",
      "NegatedAtom have_side()",
      "NegatedAtom maybe-have_side()",
      "Atom allow_single_slot_drink()",
      "Atom allow_single_slot_side()"
    ],
    "0x14b0020": [
      "Atom force-statement()",
      "Atom have-message()",
      "Atom have_drink()",
      "NegatedAtom maybe-have_drink()",
      "Atom have_pizza_flavour()",
      "NegatedAtom maybe-have_pizza_flavour()",
      "NegatedAtom have_side()",
      "Atom maybe-have_side()"
    ],
    "0x14b05e0": [
      "NegatedAtom force-statement()",
      "Atom have_drink()",
      "NegatedAtom maybe-have_drink()",
      "Atom have_pizza_flavour()",
      "NegatedAtom maybe-have_pizza_flavour()",
      "NegatedAtom have_side()",
      "NegatedAtom maybe-have_side()",
      "Atom allow_single_slot_side()"
    ],
    "0x14b1580": [
      "Atom force-statement()",
      "Atom have-message()",
      "Atom have_drink()",
      "NegatedAtom maybe-have_drink()",
      "Atom have_pizza_flavour()",
      "NegatedAtom maybe-have_pizza_flavour()",
      "NegatedAtom have_side()",
      "NegatedAtom maybe-have_side()",
      "Atom allow_single_slot_side()"
    ],
    "0x14b1d30": [
      "Atom force-statement()",
      "Atom have-message()",
      "NegatedAtom have_drink()",
      "Atom maybe-have_drink()",
      "Atom have_pizza_flavour()",
      "NegatedAtom maybe-have_pizza_flavour()",
      "NegatedAtom have_side()",
      "Atom maybe-have_side()"
    ],
    "0x14b2a40": [
      "Atom force-statement()",
      "Atom have-message()",
      "NegatedAtom have_drink()",
      "NegatedAtom maybe-have_drink()",
      "NegatedAtom have_pizza_flavour()",
      "NegatedAtom maybe-have_pizza_flavour()",
      "NegatedAtom have_side()",
      "NegatedAtom maybe-have_side()"
    ],
    "0x14b39c0": [
      "NegatedAtom force-statement()",
      "Atom have_drink()",
      "NegatedAtom maybe-have_drink()",
      "NegatedAtom have_pizza_flavour()",
      "NegatedAtom maybe-have_pizza_flavour()",
      "NegatedAtom have_side()",
      "Atom maybe-have_side()",
      "Atom allow_single_slot_pizza_flavour()"
    ],
    "0x14b3a00": [
      "NegatedAtom force-statement()",
      "NegatedAtom have_drink()",
      "Atom maybe-have_drink()",
      "NegatedAtom have_pizza_flavour()",
      "NegatedAtom maybe-have_pizza_flavour()",
      "NegatedAtom have_side()",
      "Atom maybe-have_side()",
      "Atom allow_single_slot_pizza_flavour()"
    ],
    "0x14b61e0": [
      "Atom force-statement()",
      "Atom have-message()",
      "Atom have_drink()",
      "NegatedAtom maybe-have_drink()",
      "NegatedAtom have_pizza_flavour()",
      "NegatedAtom maybe-have_pizza_flavour()",
      "NegatedAtom have_side()",
      "Atom maybe-have_side()",
      "Atom allow_single_slot_pizza_flavour()"
    ],
    "0x14b2700": [
      "Atom force-statement()",
      "Atom have-message()",
      "NegatedAtom have_drink()",
      "Atom maybe-have_drink()",
      "Atom have_pizza_flavour()",
      "NegatedAtom maybe-have_pizza_flavour()",
      "NegatedAtom have_side()",
      "NegatedAtom maybe-have_side()",
      "Atom allow_single_slot_side()"
    ],
    "0x14b23b0": [
      "NegatedAtom force-statement()",
      "NegatedAtom have_drink()",
      "Atom maybe-have_drink()",
      "Atom have_pizza_flavour()",
      "NegatedAtom maybe-have_pizza_flavour()",
      "NegatedAtom have_side()",
      "NegatedAtom maybe-have_side()",
      "Atom allow_single_slot_side()"
    ],
    "0x14b5580": [
      "NegatedAtom force-statement()",
      "NegatedAtom have_drink()",
      "Atom maybe-have_drink()",
      "Atom have_pizza_flavour()",
      "NegatedAtom maybe-have_pizza_flavour()",
      "NegatedAtom have_side()",
      "Atom maybe-have_side()"
    ],
    "0x14aea30": [
      "NegatedAtom force-statement()",
      "Atom have_drink()",
      "NegatedAtom maybe-have_drink()",
      "Atom have_pizza_flavour()",
      "NegatedAtom maybe-have_pizza_flavour()",
      "NegatedAtom have_side()",
      "Atom maybe-have_side()"
    ],
    "0x14b63f0": [
      "NegatedAtom force-statement()",
      "Atom have_drink()",
      "NegatedAtom maybe-have_drink()",
      "NegatedAtom have_pizza_flavour()",
      "NegatedAtom maybe-have_pizza_flavour()",
      "NegatedAtom have_side()",
      "NegatedAtom maybe-have_side()",
      "Atom allow_single_slot_pizza_flavour()",
      "Atom allow_single_slot_side()"
    ],
    "0x14b77b0": [
      "Atom force-statement()",
      "Atom have-message()",
      "Atom have_drink()",
      "NegatedAtom maybe-have_drink()",
      "NegatedAtom have_pizza_flavour()",
      "NegatedAtom maybe-have_pizza_flavour()",
      "NegatedAtom have_side()",
      "NegatedAtom maybe-have_side()",
      "Atom allow_single_slot_pizza_flavour()",
      "Atom allow_single_slot_side()"
    ],
    "0x14b8090": [
      "Atom force-statement()",
      "Atom have-message()",
      "NegatedAtom have_drink()",
      "Atom maybe-have_drink()",
      "NegatedAtom have_pizza_flavour()",
      "NegatedAtom maybe-have_pizza_flavour()",
      "NegatedAtom have_side()",
      "Atom maybe-have_side()",
      "Atom allow_single_slot_pizza_flavour()"
    ],
    "0x14b84b0": [
      "NegatedAtom force-statement()",
      "NegatedAtom have_drink()",
      "Atom maybe-have_drink()",
      "NegatedAtom have_pizza_flavour()",
      "NegatedAtom maybe-have_pizza_flavour()",
      "NegatedAtom have_side()",
      "NegatedAtom maybe-have_side()",
      "Atom allow_single_slot_pizza_flavour()",
      "Atom allow_single_slot_side()"
    ],
    "0x14b8ff0": [
      "Atom force-statement()",
      "Atom have-message()",
      "NegatedAtom have_drink()",
      "Atom maybe-have_drink()",
      "NegatedAtom have_pizza_flavour()",
      "NegatedAtom maybe-have_pizza_flavour()",
      "NegatedAtom have_side()",
      "NegatedAtom maybe-have_side()",
      "Atom allow_single_slot_pizza_flavour()",
      "Atom allow_single_slot_side()"
    ]
   }
}